android/app/build/intermediates/manifest_merge_blame_file/debug/manifest-merger-blame-debug-report.txt
1<?xml version="1.0" encoding="utf-8"?>
2<manifest xmlns:android="http://schemas.android.com/apk/res/android"
3    package="com.evenhub"
4    android:versionCode="1"
5    android:versionName="1.0" >
6
7    <uses-sdk
8        android:minSdkVersion="21"
9        android:targetSdkVersion="34" />
10
11    <uses-permission android:name="android.permission.INTERNET" />
11-->src\main\AndroidManifest.xml:3:5-67
11-->src\main\AndroidManifest.xml:3:22-64
12    <!--
13    This manifest file is used only by Gradle to configure debug-only capabilities
14    for React Native Apps.
15    -->
16    <uses-permission android:name="android.permission.SYSTEM_ALERT_WINDOW" />
16-->[com.facebook.react:react-android:0.73.2] AndroidManifest.xml:16:5-78
16-->[com.facebook.react:react-android:0.73.2] AndroidManifest.xml:16:22-75
17    <uses-permission android:name="android.permission.ACCESS_WIFI_STATE" />
17-->[com.facebook.flipper:flipper:0.201.0] AndroidManifest.xml:14:5-76
17-->[com.facebook.flipper:flipper:0.201.0] AndroidManifest.xml:14:22-73
18
19    <queries>
19-->[com.facebook.android:facebook-common:18.0.2] AndroidManifest.xml:15:5-17:15
20        <package android:name="com.facebook.katana" />
20-->[com.facebook.android:facebook-common:18.0.2] AndroidManifest.xml:16:9-55
20-->[com.facebook.android:facebook-common:18.0.2] AndroidManifest.xml:16:18-52
21    </queries>
22
23    <uses-permission android:name="com.google.android.gms.permission.AD_ID" /> <!-- Support for Google Privacy Sandbox adservices API -->
23-->[com.facebook.android:facebook-core:18.0.2] AndroidManifest.xml:14:5-79
23-->[com.facebook.android:facebook-core:18.0.2] AndroidManifest.xml:14:22-76
24    <uses-permission android:name="android.permission.ACCESS_ADSERVICES_ATTRIBUTION" />
24-->[com.facebook.android:facebook-core:18.0.2] AndroidManifest.xml:16:5-88
24-->[com.facebook.android:facebook-core:18.0.2] AndroidManifest.xml:16:22-85
25    <uses-permission android:name="android.permission.ACCESS_ADSERVICES_AD_ID" />
25-->[com.facebook.android:facebook-core:18.0.2] AndroidManifest.xml:17:5-82
25-->[com.facebook.android:facebook-core:18.0.2] AndroidManifest.xml:17:22-79
26    <uses-permission android:name="android.permission.ACCESS_ADSERVICES_CUSTOM_AUDIENCE" />
26-->[com.facebook.android:facebook-core:18.0.2] AndroidManifest.xml:18:5-92
26-->[com.facebook.android:facebook-core:18.0.2] AndroidManifest.xml:18:22-89
27
28    <permission
28-->[androidx.core:core:1.9.0] AndroidManifest.xml:22:5-24:47
29        android:name="com.evenhub.DYNAMIC_RECEIVER_NOT_EXPORTED_PERMISSION"
29-->[androidx.core:core:1.9.0] AndroidManifest.xml:23:9-81
30        android:protectionLevel="signature" />
30-->[androidx.core:core:1.9.0] AndroidManifest.xml:24:9-44
31
32    <uses-permission android:name="com.evenhub.DYNAMIC_RECEIVER_NOT_EXPORTED_PERMISSION" />
32-->[androidx.core:core:1.9.0] AndroidManifest.xml:26:5-97
32-->[androidx.core:core:1.9.0] AndroidManifest.xml:26:22-94
33    <uses-permission android:name="com.google.android.finsky.permission.BIND_GET_INSTALL_REFERRER_SERVICE" />
33-->[com.android.installreferrer:installreferrer:1.0] AndroidManifest.xml:9:5-110
33-->[com.android.installreferrer:installreferrer:1.0] AndroidManifest.xml:9:22-107
34
35    <application
35-->src\main\AndroidManifest.xml:5:5-28:19
36        android:name="com.evenhub.MainApplication"
36-->src\main\AndroidManifest.xml:6:7-38
37        android:allowBackup="false"
37-->src\main\AndroidManifest.xml:10:7-34
38        android:appComponentFactory="androidx.core.app.CoreComponentFactory"
38-->[androidx.core:core:1.9.0] AndroidManifest.xml:28:18-86
39        android:debuggable="true"
40        android:extractNativeLibs="true"
41        android:icon="@mipmap/ic_launcher"
41-->src\main\AndroidManifest.xml:8:7-41
42        android:label="@string/app_name"
42-->src\main\AndroidManifest.xml:7:7-39
43        android:roundIcon="@mipmap/ic_launcher_round"
43-->src\main\AndroidManifest.xml:9:7-52
44        android:supportsRtl="true"
44-->[com.facebook.android:facebook-android-sdk:18.0.2] AndroidManifest.xml:14:18-44
45        android:theme="@style/AppTheme"
45-->src\main\AndroidManifest.xml:11:7-38
46        android:usesCleartextTraffic="true" >
46-->src\debug\AndroidManifest.xml:6:9-44
47        <meta-data
47-->src\main\AndroidManifest.xml:13:7-105
48            android:name="com.facebook.sdk.ApplicationId"
48-->src\main\AndroidManifest.xml:13:18-63
49            android:value="@string/facebook_app_id" />
49-->src\main\AndroidManifest.xml:13:64-103
50        <meta-data
50-->src\main\AndroidManifest.xml:14:7-109
51            android:name="com.facebook.sdk.ClientToken"
51-->src\main\AndroidManifest.xml:14:18-61
52            android:value="@string/facebook_client_token" />
52-->src\main\AndroidManifest.xml:14:62-107
53
54        <activity
54-->src\main\AndroidManifest.xml:15:7-27:18
55            android:name="com.evenhub.MainActivity"
55-->src\main\AndroidManifest.xml:16:9-37
56            android:configChanges="keyboard|keyboardHidden|orientation|screenLayout|screenSize|smallestScreenSize|uiMode"
56-->src\main\AndroidManifest.xml:18:9-118
57            android:exported="true"
57-->src\main\AndroidManifest.xml:21:9-32
58            android:label="@string/app_name"
58-->src\main\AndroidManifest.xml:17:9-41
59            android:launchMode="singleTask"
59-->src\main\AndroidManifest.xml:19:9-40
60            android:windowSoftInputMode="adjustResize" >
60-->src\main\AndroidManifest.xml:20:9-51
61            <intent-filter>
61-->src\main\AndroidManifest.xml:23:9-26:25
62                <action android:name="android.intent.action.MAIN" />
62-->src\main\AndroidManifest.xml:24:13-65
62-->src\main\AndroidManifest.xml:24:21-62
63
64                <category android:name="android.intent.category.LAUNCHER" />
64-->src\main\AndroidManifest.xml:25:13-73
64-->src\main\AndroidManifest.xml:25:23-70
65            </intent-filter>
66        </activity>
67
68        <provider
68-->[:react-native-image-picker] AndroidManifest.xml:8:9-16:20
69            android:name="com.imagepicker.ImagePickerProvider"
69-->[:react-native-image-picker] AndroidManifest.xml:9:13-63
70            android:authorities="com.evenhub.imagepickerprovider"
70-->[:react-native-image-picker] AndroidManifest.xml:10:13-71
71            android:exported="false"
71-->[:react-native-image-picker] AndroidManifest.xml:11:13-37
72            android:grantUriPermissions="true" >
72-->[:react-native-image-picker] AndroidManifest.xml:12:13-47
73            <meta-data
73-->[:react-native-image-picker] AndroidManifest.xml:13:13-15:70
74                android:name="android.support.FILE_PROVIDER_PATHS"
74-->[:react-native-image-picker] AndroidManifest.xml:14:17-67
75                android:resource="@xml/imagepicker_provider_paths" />
75-->[:react-native-image-picker] AndroidManifest.xml:15:17-67
76        </provider>
77
78        <activity
78-->[com.facebook.react:react-android:0.73.2] AndroidManifest.xml:19:9-21:40
79            android:name="com.facebook.react.devsupport.DevSettingsActivity"
79-->[com.facebook.react:react-android:0.73.2] AndroidManifest.xml:20:13-77
80            android:exported="false" />
80-->[com.facebook.react:react-android:0.73.2] AndroidManifest.xml:21:13-37
81        <activity
81-->[com.facebook.android:facebook-common:18.0.2] AndroidManifest.xml:20:9-23:66
82            android:name="com.facebook.FacebookActivity"
82-->[com.facebook.android:facebook-common:18.0.2] AndroidManifest.xml:21:13-57
83            android:configChanges="keyboard|keyboardHidden|screenLayout|screenSize|orientation"
83-->[com.facebook.android:facebook-common:18.0.2] AndroidManifest.xml:22:13-96
84            android:theme="@style/com_facebook_activity_theme" />
84-->[com.facebook.android:facebook-common:18.0.2] AndroidManifest.xml:23:13-63
85        <activity android:name="com.facebook.CustomTabMainActivity" />
85-->[com.facebook.android:facebook-common:18.0.2] AndroidManifest.xml:24:9-71
85-->[com.facebook.android:facebook-common:18.0.2] AndroidManifest.xml:24:19-68
86        <activity
86-->[com.facebook.android:facebook-common:18.0.2] AndroidManifest.xml:25:9-39:20
87            android:name="com.facebook.CustomTabActivity"
87-->[com.facebook.android:facebook-common:18.0.2] AndroidManifest.xml:26:13-58
88            android:exported="true" >
88-->[com.facebook.android:facebook-common:18.0.2] AndroidManifest.xml:27:13-36
89            <intent-filter>
89-->[com.facebook.android:facebook-common:18.0.2] AndroidManifest.xml:29:13-38:29
90                <action android:name="android.intent.action.VIEW" />
90-->[com.facebook.android:facebook-common:18.0.2] AndroidManifest.xml:30:17-69
90-->[com.facebook.android:facebook-common:18.0.2] AndroidManifest.xml:30:25-66
91
92                <category android:name="android.intent.category.DEFAULT" />
92-->[com.facebook.android:facebook-common:18.0.2] AndroidManifest.xml:32:17-76
92-->[com.facebook.android:facebook-common:18.0.2] AndroidManifest.xml:32:27-73
93                <category android:name="android.intent.category.BROWSABLE" />
93-->[com.facebook.android:facebook-common:18.0.2] AndroidManifest.xml:33:17-78
93-->[com.facebook.android:facebook-common:18.0.2] AndroidManifest.xml:33:27-75
94
95                <data
95-->[com.facebook.android:facebook-common:18.0.2] AndroidManifest.xml:35:17-37:50
96                    android:host="cct.com.evenhub"
96-->[com.facebook.android:facebook-common:18.0.2] AndroidManifest.xml:36:21-56
97                    android:scheme="fbconnect" />
97-->[com.facebook.android:facebook-common:18.0.2] AndroidManifest.xml:37:21-47
98            </intent-filter>
99        </activity>
100        <activity
100-->[com.google.android.gms:play-services-auth:20.5.0] AndroidManifest.xml:23:9-27:75
101            android:name="com.google.android.gms.auth.api.signin.internal.SignInHubActivity"
101-->[com.google.android.gms:play-services-auth:20.5.0] AndroidManifest.xml:24:13-93
102            android:excludeFromRecents="true"
102-->[com.google.android.gms:play-services-auth:20.5.0] AndroidManifest.xml:25:13-46
103            android:exported="false"
103-->[com.google.android.gms:play-services-auth:20.5.0] AndroidManifest.xml:26:13-37
104            android:theme="@android:style/Theme.Translucent.NoTitleBar" />
104-->[com.google.android.gms:play-services-auth:20.5.0] AndroidManifest.xml:27:13-72
105        <!--
106            Service handling Google Sign-In user revocation. For apps that do not integrate with
107            Google Sign-In, this service will never be started.
108        -->
109        <service
109-->[com.google.android.gms:play-services-auth:20.5.0] AndroidManifest.xml:33:9-37:51
110            android:name="com.google.android.gms.auth.api.signin.RevocationBoundService"
110-->[com.google.android.gms:play-services-auth:20.5.0] AndroidManifest.xml:34:13-89
111            android:exported="true"
111-->[com.google.android.gms:play-services-auth:20.5.0] AndroidManifest.xml:35:13-36
112            android:permission="com.google.android.gms.auth.api.signin.permission.REVOCATION_NOTIFICATION"
112-->[com.google.android.gms:play-services-auth:20.5.0] AndroidManifest.xml:36:13-107
113            android:visibleToInstantApps="true" />
113-->[com.google.android.gms:play-services-auth:20.5.0] AndroidManifest.xml:37:13-48
114
115        <activity
115-->[com.google.android.gms:play-services-base:18.0.1] AndroidManifest.xml:20:9-22:45
116            android:name="com.google.android.gms.common.api.GoogleApiActivity"
116-->[com.google.android.gms:play-services-base:18.0.1] AndroidManifest.xml:20:19-85
117            android:exported="false"
117-->[com.google.android.gms:play-services-base:18.0.1] AndroidManifest.xml:22:19-43
118            android:theme="@android:style/Theme.Translucent.NoTitleBar" />
118-->[com.google.android.gms:play-services-base:18.0.1] AndroidManifest.xml:21:19-78
119
120        <meta-data
120-->[com.google.android.gms:play-services-basement:18.2.0] AndroidManifest.xml:21:9-23:69
121            android:name="com.google.android.gms.version"
121-->[com.google.android.gms:play-services-basement:18.2.0] AndroidManifest.xml:22:13-58
122            android:value="@integer/google_play_services_version" />
122-->[com.google.android.gms:play-services-basement:18.2.0] AndroidManifest.xml:23:13-66
123        <!--
124         The initialization ContentProvider will call FacebookSdk.sdkInitialize automatically
125         with the application context. This config is merged in with the host app's manifest,
126         but there can only be one provider with the same authority activated at any given
127         point; so if the end user has two or more different apps that use Facebook SDK, only the
128         first one will be able to use the provider. To work around this problem, we use the
129         following placeholder in the authority to identify each host application as if it was
130         a completely different provider.
131        -->
132        <provider
132-->[com.facebook.android:facebook-core:18.0.2] AndroidManifest.xml:31:9-34:40
133            android:name="com.facebook.internal.FacebookInitProvider"
133-->[com.facebook.android:facebook-core:18.0.2] AndroidManifest.xml:32:13-70
134            android:authorities="com.evenhub.FacebookInitProvider"
134-->[com.facebook.android:facebook-core:18.0.2] AndroidManifest.xml:33:13-72
135            android:exported="false" />
135-->[com.facebook.android:facebook-core:18.0.2] AndroidManifest.xml:34:13-37
136
137        <receiver
137-->[com.facebook.android:facebook-core:18.0.2] AndroidManifest.xml:36:9-42:20
138            android:name="com.facebook.CurrentAccessTokenExpirationBroadcastReceiver"
138-->[com.facebook.android:facebook-core:18.0.2] AndroidManifest.xml:37:13-86
139            android:exported="false" >
139-->[com.facebook.android:facebook-core:18.0.2] AndroidManifest.xml:38:13-37
140            <intent-filter>
140-->[com.facebook.android:facebook-core:18.0.2] AndroidManifest.xml:39:13-41:29
141                <action android:name="com.facebook.sdk.ACTION_CURRENT_ACCESS_TOKEN_CHANGED" />
141-->[com.facebook.android:facebook-core:18.0.2] AndroidManifest.xml:40:17-95
141-->[com.facebook.android:facebook-core:18.0.2] AndroidManifest.xml:40:25-92
142            </intent-filter>
143        </receiver>
144        <receiver
144-->[com.facebook.android:facebook-core:18.0.2] AndroidManifest.xml:43:9-49:20
145            android:name="com.facebook.AuthenticationTokenManager$CurrentAuthenticationTokenChangedBroadcastReceiver"
145-->[com.facebook.android:facebook-core:18.0.2] AndroidManifest.xml:44:13-118
146            android:exported="false" >
146-->[com.facebook.android:facebook-core:18.0.2] AndroidManifest.xml:45:13-37
147            <intent-filter>
147-->[com.facebook.android:facebook-core:18.0.2] AndroidManifest.xml:46:13-48:29
148                <action android:name="com.facebook.sdk.ACTION_CURRENT_AUTHENTICATION_TOKEN_CHANGED" />
148-->[com.facebook.android:facebook-core:18.0.2] AndroidManifest.xml:47:17-103
148-->[com.facebook.android:facebook-core:18.0.2] AndroidManifest.xml:47:25-100
149            </intent-filter>
150        </receiver>
151
152        <provider
152-->[androidx.emoji2:emoji2:1.2.0] AndroidManifest.xml:24:9-32:20
153            android:name="androidx.startup.InitializationProvider"
153-->[androidx.emoji2:emoji2:1.2.0] AndroidManifest.xml:25:13-67
154            android:authorities="com.evenhub.androidx-startup"
154-->[androidx.emoji2:emoji2:1.2.0] AndroidManifest.xml:26:13-68
155            android:exported="false" >
155-->[androidx.emoji2:emoji2:1.2.0] AndroidManifest.xml:27:13-37
156            <meta-data
156-->[androidx.emoji2:emoji2:1.2.0] AndroidManifest.xml:29:13-31:52
157                android:name="androidx.emoji2.text.EmojiCompatInitializer"
157-->[androidx.emoji2:emoji2:1.2.0] AndroidManifest.xml:30:17-75
158                android:value="androidx.startup" />
158-->[androidx.emoji2:emoji2:1.2.0] AndroidManifest.xml:31:17-49
159            <meta-data
159-->[androidx.lifecycle:lifecycle-process:2.4.1] AndroidManifest.xml:31:13-33:52
160                android:name="androidx.lifecycle.ProcessLifecycleInitializer"
160-->[androidx.lifecycle:lifecycle-process:2.4.1] AndroidManifest.xml:32:17-78
161                android:value="androidx.startup" />
161-->[androidx.lifecycle:lifecycle-process:2.4.1] AndroidManifest.xml:33:17-49
162        </provider>
163
164        <meta-data
164-->[com.facebook.soloader:soloader:0.10.5] AndroidManifest.xml:12:9-14:37
165            android:name="com.facebook.soloader.enabled"
165-->[com.facebook.soloader:soloader:0.10.5] AndroidManifest.xml:13:13-57
166            android:value="false" />
166-->[com.facebook.soloader:soloader:0.10.5] AndroidManifest.xml:14:13-34
167    </application>
168
169</manifest>